<?xml version="1.0" encoding="UTF-8"?>
<!-- Generated by org.testng.reporters.JUnitReportReporter -->
<testsuite hostname="094dd7dd5da9" failures="0" tests="1" name="TestSuite.GoogleHomeTest" time="0.043" errors="0" timestamp="2025-02-06T14:57:00 UTC" skipped="0">
  <testcase classname="TestSuite.GoogleHomeTest" name="searchTest" time="0.043"/>
</testsuite> <!-- TestSuite.GoogleHomeTest -->
