<?xml version="1.0" encoding="UTF-8"?>
<!-- Generated by org.testng.reporters.JUnitReportReporter -->
<testsuite hostname="d50161c6c4cb" failures="0" tests="1" name="TestSuite.GoogleHomeTest" time="0.064" errors="0" timestamp="2025-02-07T16:26:12 UTC" skipped="0">
  <testcase classname="TestSuite.GoogleHomeTest" name="searchTest" time="0.064"/>
</testsuite> <!-- TestSuite.GoogleHomeTest -->
