<?xml version="1.0" encoding="UTF-8"?>
<!-- Generated by org.testng.reporters.JUnitReportReporter -->
<testsuite hostname="LAPTOP-GNFLMGQ3" failures="0" tests="1" name="TestSuite.GoogleHomeTest" time="0.048" errors="0" timestamp="2025-02-06T13:13:56 MEZ" skipped="0">
  <testcase classname="TestSuite.GoogleHomeTest" name="searchTest" time="0.048"/>
  <system-out/>
</testsuite> <!-- TestSuite.GoogleHomeTest -->
