<?xml version="1.0" encoding="UTF-8"?>
<!-- Generated by org.testng.reporters.JUnitReportReporter -->
<testsuite hostname="LAPTOP-GNFLMGQ3" failures="0" tests="1" name="GoogleHomeTest" time="0.035" errors="0" timestamp="2025-02-04T15:48:17 MEZ" skipped="0">
  <testcase classname="GoogleHomeTest" name="searchTest" time="0.035"/>
  <system-out/>
</testsuite> <!-- GoogleHomeTest -->
